#
# There is insufficient memory for the Java Runtime Environment to continue.
# Native memory allocation (mmap) failed to map 130023424 bytes. Error detail: G1 virtual space
# Possible reasons:
#   The system is out of physical RAM or swap space
#   This process is running with CompressedOops enabled, and the Java Heap may be blocking the growth of the native heap
# Possible solutions:
#   Reduce memory load on the system
#   Increase physical memory or swap space
#   Check if swap backing store is full
#   Decrease Java heap size (-Xmx/-Xms)
#   Decrease number of Java threads
#   Decrease Java thread stack sizes (-Xss)
#   Set larger code cache with -XX:ReservedCodeCacheSize=
#   JVM is running with Unscaled Compressed Oops mode in which the Java heap is
#     placed in the first 4GB address space. The Java Heap base address is the
#     maximum limit for the native heap growth. Please use -XX:HeapBaseMinAddress
#     to set the Java Heap base and to place the Java Heap above 4GB virtual address.
# This output file may be truncated or incomplete.
#
#  Out of Memory Error (os_windows.cpp:3631), pid=58708, tid=101240
#
# JRE version:  (22.0.1+8) (build )
# Java VM: Java HotSpot(TM) 64-Bit Server VM (22.0.1+8-16, mixed mode, sharing, tiered, compressed oops, compressed class ptrs, g1 gc, windows-amd64)
# No core dump will be written. Minidumps are not enabled by default on client versions of Windows
#

---------------  S U M M A R Y ------------

Command Line: -agentlib:jdwp=transport=dt_socket,address=127.0.0.1:61172,suspend=y,server=n -ea -Didea.test.cyclic.buffer.size=1048576 -javaagent:C:\Users\PMLS\AppData\Local\JetBrains\IdeaIC2024.2\captureAgent\debugger-agent.jar -Dkotlinx.coroutines.debug.enable.creation.stack.trace=false -Ddebugger.agent.enable.coroutines=true -Dfile.encoding=UTF-8 -Dsun.stdout.encoding=UTF-8 -Dsun.stderr.encoding=UTF-8 com.intellij.rt.testng.RemoteTestNGStarter -usedefaultlisteners false -socket61167 @w@C:\Users\PMLS\AppData\Local\Temp\idea_working_dirs_testng.tmp -temp C:\Users\PMLS\AppData\Local\Temp\idea_testng.tmp

Host: 12th Gen Intel(R) Core(TM) i5-1235U, 12 cores, 7G,  Windows 10 , 64 bit Build 19041 (10.0.19041.5438)
Time: Fri Mar 14 15:35:53 2025 China Standard Time elapsed time: 0.263775 seconds (0d 0h 0m 0s)

---------------  T H R E A D  ---------------

Current thread (0x0000020cde026fa0):  JavaThread "Unknown thread" [_thread_in_vm, id=101240, stack(0x000000ae61800000,0x000000ae61900000) (1024K)]

Stack: [0x000000ae61800000,0x000000ae61900000]
Native frames: (J=compiled Java code, j=interpreted, Vv=VM code, C=native code)
V  [jvm.dll+0x6e2279]  (no source info available)
V  [jvm.dll+0x874e33]  (no source info available)
V  [jvm.dll+0x87725e]  (no source info available)
V  [jvm.dll+0x877933]  (no source info available)
V  [jvm.dll+0x27fd76]  (no source info available)
V  [jvm.dll+0x6de915]  (no source info available)
V  [jvm.dll+0x6d341a]  (no source info available)
V  [jvm.dll+0x3589da]  (no source info available)
V  [jvm.dll+0x360f06]  (no source info available)
V  [jvm.dll+0x3b3e2e]  (no source info available)
V  [jvm.dll+0x3b40d8]  (no source info available)
V  [jvm.dll+0x32c59c]  (no source info available)
V  [jvm.dll+0x32d158]  (no source info available)
V  [jvm.dll+0x83ccdc]  (no source info available)
V  [jvm.dll+0x3c0d71]  (no source info available)
V  [jvm.dll+0x825ccc]  (no source info available)
V  [jvm.dll+0x45b8fe]  (no source info available)
V  [jvm.dll+0x45d781]  (no source info available)
C  [jli.dll+0x52a3]  (no source info available)
C  [ucrtbase.dll+0x21bb2]  (no source info available)
C  [KERNEL32.DLL+0x17374]  (no source info available)
C  [ntdll.dll+0x4cc91]  (no source info available)


---------------  P R O C E S S  ---------------

Threads class SMR info:
_java_thread_list=0x00007ff99677b1c8, length=0, elements={
}

Java Threads: ( => current thread )
Total: 0

Other Threads:
  0x0000020cde07f080 WorkerThread "GC Thread#0"                     [id=71568, stack(0x000000ae61900000,0x000000ae61a00000) (1024K)]
  0x0000020cde08f880 ConcurrentGCThread "G1 Main Marker"            [id=88980, stack(0x000000ae61a00000,0x000000ae61b00000) (1024K)]
  0x0000020cde0901a0 WorkerThread "G1 Conc#0"                       [id=92800, stack(0x000000ae61b00000,0x000000ae61c00000) (1024K)]

[error occurred during error reporting (printing all threads), id 0xc0000005, EXCEPTION_ACCESS_VIOLATION (0xc0000005) at pc=0x00007ff995ecf367]
VM state: not at safepoint (not fully initialized)

VM Mutex/Monitor currently owned by a thread:  ([mutex/lock_event])
[0x00007ff9967fbcb8] Heap_lock - owner thread: 0x0000020cde026fa0

Heap address: 0x0000000084400000, size: 1980 MB, Compressed Oops mode: 32-bit

CDS archive(s) mapped at: [0x0000000000000000-0x0000000000000000-0x0000000000000000), size 0, SharedBaseAddress: 0x0000000800000000, ArchiveRelocationMode: 1.
Narrow klass base: 0x0000000000000000, Narrow klass shift: 0, Narrow klass range: 0x0

GC Precious Log:
 CardTable entry size: 512
 Card Set container configuration: InlinePtr #cards 5 size 8 Array Of Cards #cards 12 size 40 Howl #buckets 4 coarsen threshold 1843 Howl Bitmap #cards 512 size 80 coarsen threshold 460 Card regions per heap region 1 cards per card region 2048

Heap:
 garbage-first heap   total reserved 2027520K, committed 0K, used 0K [0x0000000084400000, 0x0000000100000000)
  region size 1024K, 0 young (0K), 0 survivors (0K)

[error occurred during error reporting (printing heap information), id 0xc0000005, EXCEPTION_ACCESS_VIOLATION (0xc0000005) at pc=0x00007ff9962ce429]
GC Heap History (0 events):
No events

Dll operation events (2 events):
Event: 0.258 Loaded shared library C:\Program Files\Java\jdk-22\bin\java.dll
Event: 0.259 Loaded shared library C:\Program Files\Java\jdk-22\bin\zip.dll

Deoptimization events (0 events):
No events

Classes loaded (0 events):
No events

Classes unloaded (0 events):
No events

Classes redefined (0 events):
No events

Internal exceptions (0 events):
No events

ZGC Phase Switch (0 events):
No events

VM Operations (0 events):
No events

Events (0 events):
No events


Dynamic libraries:
0x00007ff6760c0000 - 0x00007ff6760d0000 	C:\Program Files\Java\jdk-22\bin\java.exe
0x00007ffa01a10000 - 0x00007ffa01c08000 	C:\Windows\SYSTEM32\ntdll.dll
0x00007ff9d0480000 - 0x00007ff9d049a000 	C:\Program Files\AVG\Antivirus\aswhook.dll
0x00007ffa00010000 - 0x00007ffa000d2000 	C:\Windows\System32\KERNEL32.DLL
0x00007ff9ff730000 - 0x00007ff9ffa2f000 	C:\Windows\System32\KERNELBASE.dll
0x00007ff9ff2a0000 - 0x00007ff9ff3a0000 	C:\Windows\System32\ucrtbase.dll
0x00007ff9eddf0000 - 0x00007ff9ede0b000 	C:\Program Files\Java\jdk-22\bin\VCRUNTIME140.dll
0x00007ff9edd30000 - 0x00007ff9edd47000 	C:\Program Files\Java\jdk-22\bin\jli.dll
0x00007ff9fff60000 - 0x00007ffa0000f000 	C:\Windows\System32\ADVAPI32.dll
0x00007ffa01810000 - 0x00007ffa018ae000 	C:\Windows\System32\msvcrt.dll
0x00007ffa00a50000 - 0x00007ffa00aef000 	C:\Windows\System32\sechost.dll
0x00007ff9ffb90000 - 0x00007ff9ffcb3000 	C:\Windows\System32\RPCRT4.dll
0x00007ff9ff700000 - 0x00007ff9ff727000 	C:\Windows\System32\bcrypt.dll
0x00007ffa00630000 - 0x00007ffa007cd000 	C:\Windows\System32\USER32.dll
0x00007ff9ff270000 - 0x00007ff9ff292000 	C:\Windows\System32\win32u.dll
0x00007ffa008e0000 - 0x00007ffa0090b000 	C:\Windows\System32\GDI32.dll
0x00007ff9ff150000 - 0x00007ff9ff26a000 	C:\Windows\System32\gdi32full.dll
0x00007ff9dadd0000 - 0x00007ff9db06a000 	C:\Windows\WinSxS\amd64_microsoft.windows.common-controls_6595b64144ccf1df_6.0.19041.4355_none_60b8b9eb71f62e16\COMCTL32.dll
0x00007ff9ff0b0000 - 0x00007ff9ff14d000 	C:\Windows\System32\msvcp_win.dll
0x00007ff9f0ed0000 - 0x00007ff9f0eda000 	C:\Windows\SYSTEM32\VERSION.dll
0x00007ff9ffb60000 - 0x00007ff9ffb8f000 	C:\Windows\System32\IMM32.DLL
0x00007ff9eddb0000 - 0x00007ff9eddbc000 	C:\Program Files\Java\jdk-22\bin\vcruntime140_1.dll
0x00007ff9d1f40000 - 0x00007ff9d1fce000 	C:\Program Files\Java\jdk-22\bin\msvcp140.dll
0x00007ff995b90000 - 0x00007ff9968d7000 	C:\Program Files\Java\jdk-22\bin\server\jvm.dll
0x00007ffa016e0000 - 0x00007ffa0174b000 	C:\Windows\System32\WS2_32.dll
0x00007ff9fee60000 - 0x00007ff9feeab000 	C:\Windows\SYSTEM32\POWRPROF.dll
0x00007ff9e46b0000 - 0x00007ff9e46d7000 	C:\Windows\SYSTEM32\WINMM.dll
0x00007ff9fee40000 - 0x00007ff9fee52000 	C:\Windows\SYSTEM32\UMPDC.dll
0x00007ff9fd8d0000 - 0x00007ff9fd8e2000 	C:\Windows\SYSTEM32\kernel.appcore.dll
0x00007ff9eb5c0000 - 0x00007ff9eb5ca000 	C:\Program Files\Java\jdk-22\bin\jimage.dll
0x00007ff9fd5f0000 - 0x00007ff9fd7d4000 	C:\Windows\SYSTEM32\DBGHELP.DLL
0x00007ff9f4750000 - 0x00007ff9f4784000 	C:\Windows\SYSTEM32\dbgcore.DLL
0x00007ff9ff670000 - 0x00007ff9ff6f2000 	C:\Windows\System32\bcryptPrimitives.dll
0x00007ff9de510000 - 0x00007ff9de54c000 	C:\Program Files\Java\jdk-22\bin\jdwp.dll
0x00007ff9e6f60000 - 0x00007ff9e6f6f000 	C:\Program Files\Java\jdk-22\bin\instrument.dll
0x00007ff9ea4d0000 - 0x00007ff9ea4ee000 	C:\Program Files\Java\jdk-22\bin\java.dll
0x00007ffa00af0000 - 0x00007ffa0125d000 	C:\Windows\System32\SHELL32.dll
0x00007ff9ffa30000 - 0x00007ff9ffb5b000 	C:\Windows\System32\ole32.dll
0x00007ffa002d0000 - 0x00007ffa00625000 	C:\Windows\System32\combase.dll
0x00007ff9df2a0000 - 0x00007ff9df2b7000 	C:\Program Files\Java\jdk-22\bin\zip.dll

dbghelp: loaded successfully - version: 4.0.5 - missing functions: none
symbol engine: initialized successfully - sym options: 0x614 - pdb path: .;C:\Program Files\Java\jdk-22\bin;C:\Windows\SYSTEM32;C:\Program Files\AVG\Antivirus;C:\Windows\WinSxS\amd64_microsoft.windows.common-controls_6595b64144ccf1df_6.0.19041.4355_none_60b8b9eb71f62e16;C:\Program Files\Java\jdk-22\bin\server

VM Arguments:
jvm_args: -agentlib:jdwp=transport=dt_socket,address=127.0.0.1:61172,suspend=y,server=n -ea -Didea.test.cyclic.buffer.size=1048576 -javaagent:C:\Users\PMLS\AppData\Local\JetBrains\IdeaIC2024.2\captureAgent\debugger-agent.jar -Dkotlinx.coroutines.debug.enable.creation.stack.trace=false -Ddebugger.agent.enable.coroutines=true -Dfile.encoding=UTF-8 -Dsun.stdout.encoding=UTF-8 -Dsun.stderr.encoding=UTF-8 
java_command: com.intellij.rt.testng.RemoteTestNGStarter -usedefaultlisteners false -socket61167 @w@C:\Users\PMLS\AppData\Local\Temp\idea_working_dirs_testng.tmp -temp C:\Users\PMLS\AppData\Local\Temp\idea_testng.tmp
java_class_path (initial): C:\Users\PMLS\AppData\Local\Programs\IntelliJ IDEA Community Edition\lib\idea_rt.jar;C:\Users\PMLS\AppData\Local\Programs\IntelliJ IDEA Community Edition\plugins\testng\lib\testng-rt.jar;C:\Users\PMLS\Desktop\SELENIUM FOLDER\jsr305-3.0.2.jar;C:\Users\PMLS\Desktop\SELENIUM FOLDER\failsafe-3.3.2.jar;C:\Users\PMLS\Desktop\SELENIUM FOLDER\guava-33.2.1-jre.jar;C:\Users\PMLS\Desktop\SELENIUM FOLDER\byte-buddy-1.14.17.jar;C:\Users\PMLS\Desktop\SELENIUM FOLDER\commons-exec-1.4.0.jar;C:\Users\PMLS\Desktop\SELENIUM FOLDER\selenium-os-4.22.0.jar;C:\Users\PMLS\Desktop\SELENIUM FOLDER\checker-qual-3.42.0.jar;C:\Users\PMLS\Desktop\SELENIUM FOLDER\failureaccess-1.0.2.jar;C:\Users\PMLS\Desktop\SELENIUM FOLDER\selenium-api-4.22.0.jar;C:\Users\PMLS\Desktop\SELENIUM FOLDER\jsr305-3.0.2-sources.jar;C:\Users\PMLS\Desktop\SELENIUM FOLDER\selenium-http-4.22.0.jar;C:\Users\PMLS\Desktop\SELENIUM FOLDER\selenium-java-4.22.0.jar;C:\Users\PMLS\Desktop\SELENIUM FOLDER\selenium-json-4.22.0.jar;C:\Users\PMLS\Desktop\SELENIUM FOLDER\failsafe-3.3.2-sources.jar;C:\Users\PMLS\Desktop\SELENIUM FOLDER\selenium-manager-4.22.0.jar;C:\Users\PMLS\Desktop\SELENIUM FOLDER\selenium-support-4.22.0.jar;C:\Users\PMLS\Desktop\SELENIUM FOLDER\guava-33.2.1-jre-sources.jar;C:\Users\PMLS\Desktop\SELENIUM FOLDER\j2objc-annotations-3.0.0.jar;C:\Users\PMLS\Desktop\SELENIUM FOLDER\opentelemetry-api-1.39.0.jar;C:\Users\PMLS\Desktop\SELENIUM FOLDER\opentelemetry-sdk-1.39.0.jar;C:\Users\PMLS\Desktop\SELENIUM FOLDER\selenium-ie-driver-4.22.0.jar;C:\Users\PMLS\Desktop\SELENIUM FOLDER\byte-buddy-1.14.17-sources.jar;C:\Users\PMLS\Desktop\SELENIUM FOLDER\commons-exec-1.4.0-sources.jar;C:\Users\PMLS\Desktop\SELENIUM FOLDER\selenium-os-4.22.0-sources.jar;C:\Users\PMLS\Desktop\SELENIUM FOLDER\checker-qual-3.42.0-sources.jar;C:\Users\PMLS\Desktop\SELENIUM FOLDER\failureaccess-1.0.2-sources.jar;C:\Users\PMLS\Desktop\SELENIUM FOLDER\selenium-api-4.22.0-sources.jar;C:\Users\PMLS\Desktop\SELENIUM FOLDER\selenium-edge-driver-4.22.0.jar;C:\Users\PMLS\Desktop\SELENIUM FOLDER\opentelemetry-context-1.39.0.jar;C:\Users\PMLS\Desktop\SELENIUM FOLDER\selenium-devtools-v85-4.22.0.jar;C:\Users\PMLS\Desktop\SELENIUM FOLDER\selenium-http-4.22.0-sources.jar;C:\Users\PMLS\Desktop\SELENIUM FOLDER\selenium-java-4.22.0-sources.jar;C:\Users\PMLS\Desktop\SELENIUM FOLDER\selenium-json-4.22.0-sources.jar;C:\Users\PMLS\Desktop\SELENIUM FOLDER\opentelemetry-sdk-logs-1.39.0.jar;C:\Users\PMLS\Desktop\SELENIUM FOLDER\selenium-chrome-driver-4.22.0.jar;C:\Users\PMLS\Desktop\SELENIUM FOLDER\selenium-devtools-v124-4.22.0.jar;C:\Users\PMLS\Desktop\SELENIUM FOLDER\selenium-devtools-v125-4.22.0.jar;C:\Users\PMLS\Desktop\SELENIUM FOLDER\selenium-devtools-v126-4.22.0.jar;C:\Users\PMLS\Desktop\SELENIUM FOLDER\selenium-remote-driver-4.22.0.jar;C:\Users\PMLS\Desktop\SELENIUM FOLDER\selenium-safari-driver-4.22.0.jar;C:\Users\PMLS\Desktop\SELENIUM FOLDER\auto-service-annotations-1.1.1.jar;C:\Users\PMLS\Desktop\SELENIUM FOLDER\error_prone_annotations-2.27.0.jar;C:\Users\PMLS\Desktop\SELENIUM FOLDER\opentelemetry-sdk-trace-1.39.0.jar;C:\Users\PMLS\Desktop\SELENIUM FOLDER\selenium-firefox-driver-4.22.0.jar;C:\Users\PMLS\Desktop\SELENIUM FOLDER\opentelemetry-sdk-common-1.39.0.jar;C:\Users\PMLS\Desktop\SELENIUM FOLDER\selenium-chromium-driver-4.22.0.jar;C:\Users\PMLS\Desktop\SELENIUM FOLDER\selenium-manager-4.22.0-sources.jar;C:\Users\PMLS\Desktop\SELENIUM FOLDER\selenium-support-4.22.0-sources.jar;C:\Users\PMLS\Desktop\SELENIUM FOLDER\j2objc-annotations-3.0.0-sources.jar;C:\Users\PMLS\Desktop\SELENIUM FOLDER\opentelemetry-api-1.39.0-sources.jar;C:\Users\PMLS\Desktop\SELENIUM FOLDER\opentelemetry-sdk-1.39.0-sources.jar;C:\Users\PMLS\Desktop\SELENIUM FOLDER\opentelemetry-sdk-metrics-1.39.0.jar;C:\Users\PMLS\Desktop\SELENIUM FOLDER\selenium-ie-driver-4.22.0-sources.jar;C:\Users\PMLS\Desktop\SELENIUM FOLDER\opentelemetry-semconv-1.25.0-alpha.jar;C:\Users\PMLS\Desktop\SELENIUM FOLDER\selenium-edge-driver-4.22.0-sources.jar;C:\Users\PMLS\Desktop\SELENIUM FOLDER\opentelemetry-context-1.39.0-sources.jar;C:\Users\PMLS\Desktop\SELENIUM FOLDER\selenium-devtools-v85-4.22.0-sources.jar;C:\Users\PMLS\Desktop\SELENIUM FOLDER\opentelemetry-exporter-logging-1.39.0.jar;C:\Users\PMLS\Desktop\SELENIUM FOLDER\opentelemetry-sdk-logs-1.39.0-sources.jar;C:\Users\PMLS\Desktop\SELENIUM FOLDER\selenium-chrome-driver-4.22.0-sources.jar;C:\Users\PMLS\Desktop\SELENIUM FOLDER\selenium-devtools-v124-4.22.0-sources.jar;C:\Users\PMLS\Desktop\SELENIUM FOLDER\selenium-devtools-v125-4.22.0-sources.jar;C:\Users\PMLS\Desktop\SELENIUM FOLDER\selenium-devtools-v126-4.22.0-sources.jar;C:\Users\PMLS\Desktop\SELENIUM FOLDER\selenium-remote-driver-4.22.0-sources.jar;C:\Users\PMLS\Desktop\SELENIUM FOLDER\selenium-safari-driver-4.22.0-sources.jar;C:\Users\PMLS\Desktop\SELENIUM FOLDER\auto-service-annotations-1.1.1-sources.jar;C:\Users\PMLS\Desktop\SELENIUM FOLDER\error_prone_annotations-2.27.0-sources.jar;C:\Users\PMLS\Desktop\SELENIUM FOLDER\opentelemetry-sdk-trace-1.39.0-sources.jar;C:\Users\PMLS\Desktop\SELENIUM FOLDER\selenium-firefox-driver-4.22.0-sources.jar;C:\Users\PMLS\Desktop\SELENIUM FOLDER\opentelemetry-sdk-common-1.39.0-sources.jar;C:\Users\PMLS\Desktop\SELENIUM FOLDER\selenium-chromium-driver-4.22.0-sources.jar;C:\Users\PMLS\Desktop\SELENIUM FOLDER\opentelemetry-api-incubator-1.39.0-alpha.jar;C:\Users\PMLS\Desktop\SELENIUM FOLDER\opentelemetry-sdk-metrics-1.39.0-sources.jar;C:\Users\PMLS\Desktop\SELENIUM FOLDER\opentelemetry-semconv-1.25.0-alpha-sources.jar;C:\Users\PMLS\Desktop\SELENIUM FOLDER\opentelemetry-exporter-logging-1.39.0-sources.jar;C:\Users\PMLS\Desktop\SELENIUM FOLDER\opentelemetry-api-incubator-1.39.0-alpha-sources.jar;C:\Users\PMLS\Desktop\SELENIUM FOLDER\opentelemetry-sdk-extension-autoconfigure-1.39.0.jar;C:\Users\PMLS\Desktop\SELENIUM FOLDER\opentelemetry-sdk-extension-autoconfigure-spi-1.39.0.jar;C:\Users\PMLS\Desktop\SELENIUM FOLDER\opentelemetry-sdk-extension-autoconfigure-1.39.0-sources.jar;C:\Users\PMLS\Desktop\SELENIUM FOLDER\listenablefuture-9999.0-empty-to-avoid-conflict-with-guava.jar;C:\Users\PMLS\Desktop\SELENIUM FOLDER\opentelemetry-sdk-extension-autoconfigure-spi-1.39.0-sources.jar;C:\Users\PMLS\Desktop\DevelopersSalesForce Login Automation\out\production\DevelopersSalesForce Login Automation;C:\Users\PMLS\Desktop\testng-7.10.1.jar;C:\Users\PMLS\Desktop\slf4j-api-2.1.0-alpha1.jar;C:\Users\PMLS\Desktop\jcommander-2.0.jar;C:\Users\PMLS\Desktop\Selenium libs\gson-2.12.1.jar;C:\Users\PMLS\Desktop\Selenium libs\log4j-api-2.24.3.jar;C:\Users\PMLS\Desktop\Selenium libs\log4j-jcl-2.24.3.jar;C:\Users\PMLS\Desktop\Selenium libs\log4j-jpa-2.24.3.jar;C:\Users\PMLS\Desktop\Selenium libs\log4j-jpl-2.24.3.jar;C:\Users\PMLS\Desktop\Selenium libs\log4j-jul-2.24.3.jar;C:\Users\PMLS\Desktop\Selenium libs\log4j-web-2.24.3.jar;C:\Users\PMLS\Desktop\Selenium libs\log4j-core-2.24.3.jar;C:\Users\PMLS\Desktop\Selenium libs\extentreports-5.1.2.jar;C:\Users\PMLS\Desktop\Selenium libs\log4j-docker-2.24.3.jar;C:\Users\PMLS\Desktop\Selenium libs\log4j-taglib-2.24.3.jar;C:\Users\PMLS\Desktop\Selenium libs\log4j-to-jul-2.24.3.jar;C:\Users\PMLS\Desktop\Selenium libs\commons-lang3-3.17.0.jar;C:\Users\PMLS\Desktop\Selenium libs\log4j-1.2-api-2.24.3.jar;C:\Users\PMLS\Desktop\Selenium libs\log4j-couchdb-2.24.3.jar;C:\Users\PMLS\Desktop\Selenium libs\log4j-mongodb-2.24.3.jar;C:\Users\PMLS\Desktop\Selenium libs\log4j-api-test-2.24.3.jar;C:\Users\PMLS\Desktop\Selenium libs\log4j-mongodb4-2.24.3.jar;C:\Users\PMLS\Desktop\Selenium libs\log4j-appserver-2.24.3.jar;C:\Users\PMLS\Desktop\Selenium libs\log4j-cassandra-2.24.3.jar;C:\Users\PMLS\Desktop\Selenium libs\log4j-core-test-2.24.3.jar;C:\Users\PMLS\Desktop\Selenium libs\log4j-iostreams-2.24.3.jar;C:\Users\PMLS\Desktop\Selenium libs\log4j-jdbc-dbcp2-2.24.3.jar;C:\Users\PMLS\Desktop\Selenium libs\log4j-slf4j-impl-2.24.3.jar;C:\Users\PMLS\Desktop\Selenium libs\log4j-jakarta-web-2.24.3.jar;C:\Users\PMLS\Desktop\Selenium libs\log4j-slf4j2-impl-2.24.3.jar;C:\Users\PMLS\Desktop\Selenium libs\log4j-spring-boot-2.24.3.jar;C:\Users\PMLS\Desktop\Selenium libs\log4j-jakarta-smtp-2.24.3.jar;C:\Users\PMLS\Desktop\Selenium libs\log4j-layout-template-json-2.24.3.jar;C:\Users\PMLS\Desktop\Selenium libs\log4j-spring-cloud-config-client-2.24.3.jar;C:\Users\PMLS\Desktop\freemarker-2.3.34.jar;C:\Users\PMLS\Desktop\rxjava-3.1.10.jar;C:\Users\PMLS\Desktop\rxjava-reactive-streams-1.2.1.jar
Launcher Type: SUN_STANDARD

[Global flags]
     intx CICompilerCount                          = 4                                         {product} {ergonomic}
     uint ConcGCThreads                            = 3                                         {product} {ergonomic}
     uint G1ConcRefinementThreads                  = 10                                        {product} {ergonomic}
   size_t G1HeapRegionSize                         = 1048576                                   {product} {ergonomic}
   size_t InitialHeapSize                          = 130023424                                 {product} {ergonomic}
   size_t MarkStackSize                            = 4194304                                   {product} {ergonomic}
   size_t MaxHeapSize                              = 2076180480                                {product} {ergonomic}
   size_t MinHeapDeltaBytes                        = 1048576                                   {product} {ergonomic}
   size_t MinHeapSize                              = 8388608                                   {product} {ergonomic}
    uintx NonNMethodCodeHeapSize                   = 5839372                                {pd product} {ergonomic}
    uintx NonProfiledCodeHeapSize                  = 122909434                              {pd product} {ergonomic}
    uintx ProfiledCodeHeapSize                     = 122909434                              {pd product} {ergonomic}
    uintx ReservedCodeCacheSize                    = 251658240                              {pd product} {ergonomic}
     bool SegmentedCodeCache                       = true                                      {product} {ergonomic}
   size_t SoftMaxHeapSize                          = 2076180480                             {manageable} {ergonomic}
     bool UseCompressedOops                        = true                           {product lp64_product} {ergonomic}
     bool UseG1GC                                  = true                                      {product} {ergonomic}
     bool UseLargePagesIndividualAllocation        = false                                  {pd product} {ergonomic}

Logging:
Log output configuration:
 #0: stdout all=warning uptime,level,tags foldmultilines=false
 #1: stderr all=off uptime,level,tags foldmultilines=false

Environment Variables:
JAVA_HOME=C:\Program Files\Java\jdk-17
PATH=C:\Program Files\Java\jdk-22\bin;C:\Python312\Scripts\;C:\Python312\;C:\Windows\system32;C:\Windows;C:\Windows\System32\Wbem;C:\Windows\System32\WindowsPowerShell\v1.0\;C:\Windows\System32\OpenSSH\;C:\download\nodejs\;C:\ProgramData\chocolatey\bin;C:\Program Files\MATLAB\R2018a\runtime\win64;C:\Program Files\MATLAB\R2018a\bin;C:\Program Files\Java\jdk-17\bin;C:\Users\PMLS\AppData\Roaming\npm\newman;C:\Users\PMLS\AppData\Roaming\npm\newman;C:\download\nodejs\node.exe;C:\Program Files\nodejs\;C:\Users\PMLS\AppData\Roaming\npm;C:\Program Files\nodejs\newman;C:\Users\PMLS\AppData\Local\Microsoft\WindowsApps;C:\Users\PMLS\AppData\Roaming\npm;C:\Users\PMLS\AppData\Local\Programs\Microsoft VS Code\bin;C:\Users\PMLS\AppData\Local\JetBrains\Toolbox\scripts;C:\Users\PMLS\AppData\Local\GitHubDesktop\bin
USERNAME=PMYLS
OS=Windows_NT
PROCESSOR_IDENTIFIER=Intel64 Family 6 Model 154 Stepping 4, GenuineIntel
TMP=C:\Users\PMLS\AppData\Local\Temp
TEMP=C:\Users\PMLS\AppData\Local\Temp




Periodic native trim disabled

---------------  S Y S T E M  ---------------

OS:
 Windows 10 , 64 bit Build 19041 (10.0.19041.5438)
OS uptime: 18 days 19:25 hours

CPU: total 12 (initial active 12) (6 cores per cpu, 2 threads per core) family 6 model 154 stepping 4 microcode 0x435, cx8, cmov, fxsr, ht, mmx, 3dnowpref, sse, sse2, sse3, ssse3, sse4.1, sse4.2, popcnt, lzcnt, tsc, tscinvbit, avx, avx2, aes, erms, clmul, bmi1, bmi2, adx, sha, fma, vzeroupper, clflush, clflushopt, clwb, serialize, rdtscp, rdpid, fsrm, f16c, pku, cet_ibt, cet_ss
Processor Information for processor 0
  Max Mhz: 1300, Current Mhz: 1300, Mhz Limit: 1300
Processor Information for processor 1
  Max Mhz: 1300, Current Mhz: 1300, Mhz Limit: 1300
Processor Information for processor 2
  Max Mhz: 1300, Current Mhz: 1300, Mhz Limit: 1300
Processor Information for processor 3
  Max Mhz: 1300, Current Mhz: 1300, Mhz Limit: 1300
Processor Information for processor 4
  Max Mhz: 900, Current Mhz: 900, Mhz Limit: 900
Processor Information for processor 5
  Max Mhz: 900, Current Mhz: 900, Mhz Limit: 900
Processor Information for processor 6
  Max Mhz: 900, Current Mhz: 900, Mhz Limit: 900
Processor Information for processor 7
  Max Mhz: 900, Current Mhz: 900, Mhz Limit: 900
Processor Information for processor 8
  Max Mhz: 900, Current Mhz: 900, Mhz Limit: 900
Processor Information for processor 9
  Max Mhz: 900, Current Mhz: 900, Mhz Limit: 900
Processor Information for processor 10
  Max Mhz: 900, Current Mhz: 900, Mhz Limit: 900
Processor Information for processor 11
  Max Mhz: 900, Current Mhz: 900, Mhz Limit: 900

Memory: 4k page, system-wide physical 7916M (270M free)
TotalPageFile size 32492M (AvailPageFile size 87M)
current process WorkingSet (physical memory assigned to process): 12M, peak: 12M
current process commit charge ("private bytes"): 65M, peak: 188M

vm_info: Java HotSpot(TM) 64-Bit Server VM (22.0.1+8-16) for windows-amd64 JRE (22.0.1+8-16), built on 2024-03-12T10:33:16Z by "mach5one" with MS VC++ 17.6 (VS2022)

END.
